D>cowfe cowbe.cow tmp
COWFE: 19kB free main memory
448kB free extended memory
  > COWBE.COW
    > cowgol.coh
      > common.coh
    < cowgol.coh
  < COWBE.COW
    > argv.coh
  < COWBE.COW
    > strings.coh
  < COWBE.COW
    > malloc.coh
  < COWBE.COW
    > file.coh
      > commonf.coh
    < file.coh
  < COWBE.COW
    > coodecls.coh
  < COWBE.COW
    > btypes.coh
  < COWBE.COW
    > butils.coh
  < COWBE.COW
    > balloc.coh
  < COWBE.COW
    > bdecl.coh
  < COWBE.COW
    > bmidcode.coh
      > midcodbe.coh
    < bmidcode.coh
  < COWBE.COW
    > bemitter.coh
  < COWBE.COW
    > binput.coh
  < COWBE.COW
    > cobin.coh
  < COWBE.COW
    > regcache.coh
  < COWBE.COW
    > bcodegen.coh
      > inssel.coh
    < bcodegen.coh
  < COWBE.COW
    > btreewal.coh
  < COWBE.COW
    > process.coh
  < COWBE.COW
done: 19kB free main memory
263kB free extended memory

D>cowbe tmp cowbe.coo
COWBE: 24kB free main memory
448kB free extended memory
__main
Exit
ExitWithError
AlignUp
get_char
print_char
MemSet
print
print_nl
UIToA
IToA
print_i32
print_i16
print_i8
print_hex_i8
print_hex_i16
print_hex_i32
AToI
MemZero
ArgvInit
ArgvNext
StrCmp
ToLower
StrICmp
StrLen
CopyString
MemCopy
DumpBlocks
CheckMemoryChain
RawAlloc
Alloc
AddFreeBlock
Free
GetFreeMemory
StrDup
file_i_init
fill
fcb_i_gbpb
fcb_i_blockin
fcb_i_blockout
fcb_i_changeblock
fcb_i_convert_a_to_error
FCBOpenIn
FCBOpenUp
FCBOpenOut
FCBClose
FCBSeek
FCBPos
FCBExt
fcb_i_nextchar
FCBGetChar
FCBPutChar
FCBPutString
FCBGetBlock
FCBPutBlock
MidReader
StartError
EndError
SimpleError
CannotOpen
InternalAlloc
GetInputParameter
GetOutputParameter
BadNodeWidth
WidthToIndex
MidcodeName
AllocateNewNode
FreeNode
PurgeAllFreeNodes
WriteB8
WriteB16
FlushCurrentStream
E_b8
E_b16
E_b32
E_space
E_comma
E_tab
E_nl
E_openp
E_closep
E
E_u32
E_u16
E_u8
E_i8
E_i16
E_i32
E_h
E_h8
E_h16
E_h32
E_labelref
E_subref
E_wsref
EmitterOpenStream
EmitterCloseStream
EmitterOpenfile
EmitterClosefile
EmitterDeclareSubroutine
EmitterDeclareExternalSubroutine
EmitterReferenceSubroutineById
EmitterReferenceSubroutine
EmitterDeclareWorkspace
I_b8
I_b16
I_b32
I_bsize
I_countedstring
InputterOpenfile
InputterClosefile
ReadMid0
ReadMid1
ReadMid2
ReadMid3
ReadMid4
ReadMid5
ReadMid6
ReadMid7
ReadMid8
ReadMid9
ReadMid10
RegCacheReset
RegCacheFlush
RegCacheFlushValues
reg_i_find_empty_slot
RegCacheLeavesConstant
RegCacheLeavesWsRef
RegCacheLeavesAddress
RegCacheLeavesValue
RegCacheFindConstant
RegCacheFindWsRef
RegCacheFindAddress
RegCacheFindValue
AllocLabel
AllocSubrId
AllocNewInstruction
FreeInstruction
PurgeAllFreeInstructions
FindConflictingRegisters
FindCompatibleRegisters
FindFirst
FindLast
FindBitNumber
ArchAlignUp
E_symref
R_flushall
R_flush
E_label
E_jump
E_jp
E_jnz
E_ret
E_call
getreg
loreg
hireg
wordreg
E_reg
E_stackref
E_mov
E_ex
E_exx
E_push
E_pop
E_loadm
E_storem
E_stax
E_ldax
E_lda
E_sta
E_load8i
E_store8i
E_store8ic
E_loada
E_load16
E_store16
E_mvi
E_alu
E_cp
E_rra
E_cpl
E_rcf
E_sub
E_and
E_or
E_xor
E_alui
E_addi
E_adci
E_subi
E_sbci
E_ori
E_xori
E_andi
E_cpi
E_inc
E_dec
E_alu2
E_add
E_adc
E_sbc
E_shift
E_sra
E_srl
E_rr
E_bit
E_callhelper
E_string
ArchBeginComment
ArchEndComment
ArchEmitMove
E_lxi
E_lxia
ArchEndInstruction
ArchEndGroup
Call
CallI
is_indexable_8bit
is_indexable_16bit
is_indexable_32bit
is_small_positive
is_small_negative
aluop2
aluop2i
E_dvrmu2
E_dvrms2
logic2
logic2i
E_jumps_with_fallthrough
E_jumps_jz_jnz
E_jumps_jnz_jz
E_jumps_jc_jnc
E_jumps_jm_jp
bequ1
bequ1c
cmpeq2
bequ2c
bequ2
bequ4
bequ4c
beqc
case2
MatchPredicate
EmitOneInstruction
Emitter
emit_0
emit_1
emit_2
emit_3
emit_4
emit_5
emit_6
emit_7
emit_8
emit_9
emit_10
emit_11
emit_12
emit_13
emit_14
emit_15
emit_16
emit_17
emit_18
emit_19
emit_20
emit_21
emit_22
emit_23
emit_24
emit_25
emit_26
emit_27
emit_28
emit_29
emit_30
emit_31
emit_32
emit_33
emit_34
emit_35
emit_36
emit_38
emit_39
emit_40
emit_41
emit_42
emit_43
emit_44
emit_45
emit_46
emit_47
emit_48
emit_49
emit_50
emit_51
emit_52
emit_53
emit_54
emit_55
emit_56
emit_57
emit_58
emit_59
emit_60
emit_63
emit_64
emit_65
emit_66
emit_67
emit_68
emit_69
emit_70
emit_71
emit_72
emit_73
emit_74
emit_75
emit_78
emit_79
emit_80
emit_81
emit_85
emit_86
emit_88
emit_89
emit_90
emit_91
emit_92
emit_93
emit_94
emit_95
emit_96
emit_99
emit_100
emit_101
emit_102
emit_104
emit_106
emit_107
emit_108
pop_return_address
emit_109
push_return_address
emit_110
emit_112
emit_113
emit_114
emit_115
emit_116
emit_117
emit_118
emit_119
emit_120
emit_121
emit_122
emit_123
emit_124
emit_125
emit_126
emit_127
emit_128
emit_129
emit_130
emit_131
emit_132
emit_133
emit_134
emit_135
emit_136
emit_137
emit_138
emit_139
emit_140
emit_141
emit_142
emit_143
emit_144
emit_145
emit_146
emit_147
emit_148
emit_149
emit_150
emit_151
emit_152
emit_153
emit_154
emit_155
emit_156
emit_157
emit_158
emit_159
emit_160
emit_161
emit_162
emit_163
emit_164
emit_165
emit_166
emit_167
emit_168
emit_169
emit_170
emit_171
emit_172
nop_emitter
PopulateMatchBuffer
IsStackedRegister
CalculateBlockedRegisters
CalculateBlockedRegistersInclusive
BlockRegisters
BlockRegistersInclusive
UnblockRegisters
CreateSpill
CreateReload
ShuffleRegisters
PrintNodes
PrintInstructions
IsRegisterSpilt
IsRegisterReloaded
IsSimpleValue
SimpleValuesMatch
check_deref
Generate
InstructionMatcher
RewindRulePointers
TestRule
ConvertNodeToFallback
CopyChildNodes
FindPreferredRegister
AllocateRegister
deadlock
UpdateProducedRegisters
EmitAndFreeInstructions
GenerateConditional
push_and_free
PushNode
PopNode
NextNode
Discard
I_node
AddSubr
FindSubr
ReadN
ReadX
ReadM
ReadParameters
ReadI
ReadO
ReadW
ReadR
ReadF
ProcessFile
PrintFreeMemory
SyntaxError
ParseArguments
done: 3kB free main memory
434kB free extended memory

D>>cowlink cowgol.coo cowbe.coo -o tmp.as
COWLINK: 48kB free
Adding input file: COWGOL.COO
Adding input file: COWBE.COO
Analysing...
Workspace sizes:
  #0: 3206 bytes
Creating output file: TMP.AS
Copying from input file: COWGOL.COO
Copying from input file: COWBE.COO
done: 15kB free

D>