D>cowfe cowfe.cow tmp
COWFE: 19kB free main memory
448kB free extended memory
  > COWFE.COW
    > cowgol.coh
      > common.coh
    < cowgol.coh
  < COWFE.COW
    > argv.coh
  < COWFE.COW
    > strings.coh
  < COWFE.COW
    > malloc.coh
  < COWFE.COW
    > file.coh
      > commonf.coh
    < file.coh
  < COWFE.COW
    > coodecls.coh
  < COWFE.COW
    > types.coh
  < COWFE.COW
    > allocato.coh
  < COWFE.COW
    > parserto.coh
  < COWFE.COW
    > lexer.coh
  < COWFE.COW
    > midcodec.coh
      > midcodfe.coh
    < midcodec.coh
  < COWFE.COW
    > emitter.coh
  < COWFE.COW
    > namesp.coh
  < COWFE.COW
    > codegen.coh
      > arch.coh
    < codegen.coh
      > cobout.coh
    < codegen.coh
  < COWFE.COW
    > symbols.coh
  < COWFE.COW
    > express.coh
  < COWFE.COW
    > treewalk.coh
  < COWFE.COW
    > parser.coh
  < COWFE.COW
done: 19kB free main memory
217kB free extended memory

D>cowbe tmp cowfe.coo
COWBE: 24kB free main memory
448kB free extended memory
__main
Exit
ExitWithError
AlignUp
get_char
print_char
MemSet
print
print_nl
UIToA
IToA
print_i32
print_i16
print_i8
print_hex_i8
print_hex_i16
print_hex_i32
AToI
MemZero
ArgvInit
ArgvNext
StrCmp
ToLower
StrICmp
StrLen
CopyString
MemCopy
DumpBlocks
CheckMemoryChain
RawAlloc
Alloc
AddFreeBlock
Free
GetFreeMemory
StrDup
file_i_init
fill
fcb_i_gbpb
fcb_i_blockin
fcb_i_blockout
fcb_i_changeblock
fcb_i_convert_a_to_error
FCBOpenIn
FCBOpenUp
FCBOpenOut
FCBClose
FCBSeek
FCBPos
FCBExt
fcb_i_nextchar
FCBGetChar
FCBPutChar
FCBPutString
FCBGetBlock
FCBPutBlock
StrDupBraced
StrDupArrayed
InternalStrDup
AllocNewSymbol
FreeSymbol
AllocNewType
FreeType
InternalAlloc
StartError
EndError
SimpleError
LexerAddIncludePath
LexerPrintSpaces
lexer_i_open
lexer_i_close
LexerIncludeFile
LexerReadToken
lexer_i_ctype
lexer_i_getchar
lexer_i_unparseable
lexer_i_skipwhitespace
lexer_i_read_identifier
lexer_i_match_keyword
lexer_i_read_number
lexer_i_malformed
lexer_i_get_escaped
lexer_i_read_string
lexer_i_read_char
malformed
lexer_i_include
malformed_include
lexer_i_line_directive
CountParameters
GetInputParameter
GetOutputParameter
BadNodeWidth
WidthToIndex
MidFallback
MidNeg
MidSubref
MidConstant
MidBand
MidEndinit
MidAsmend
MidCast2
MidWhencase
MidDeref
MidStartfile
MidStartcase
MidAddress
MidAsmsymbol
MidCast1
MidAsmtext
MidStartinit
MidArg
MidEnd
MidAsmgroupend
MidEndsub
MidStartsub
MidCast8
MidOr
MidEor
MidBlts
MidStore
MidAsmsubref
MidPoparg
MidMul
MidNot
MidInitaddress
MidAdd
MidRshiftu
MidRems
MidCast4
MidReturn
MidJump
MidRemu
MidInitsubref
MidDivs
MidSub
MidRshifts
MidEndfile
MidBeq
MidAnd
MidLshift
MidInit
MidEndcase
MidAsmstart
MidLabel
MidBor
MidDivu
MidAsmgroupstart
MidString
MidCall
MidAsmvalue
MidBltu
MidPair
MidInitstring
MidcodeName
AllocateNewNode
FreeNode
PurgeAllFreeNodes
NodeWidth
midcodec_i_bad_fold
FoldConstant1
FoldConstant2
MidC1Op
GetPowerOfTwo
MidC2Op
MidCCast
E_b8
E_b16
E_b32
E_bsize
E_space
E_comma
E_tab
E_nl
E_openp
E_closep
E
E_countedstring
E_u32
E_u16
E_u8
E_i8
E_i16
E_i32
E_h
E_h8
E_h16
E_h32
EmitterOpenfile
EmitterClosefile
EmitterDeclareSubroutine
EmitterDeclareExternalSubroutine
EmitterReferenceSubroutineById
EmitterReferenceSubroutine
EmitterDeclareWorkspace
EmitParameterList
EmitterEmitInputParameters
EmitterEmitOutputParameters
EmitterEmitSubroutineFlags
LookupSymbolInNamespace
LookupSymbol
AddToNamespace
AddSymbol
AddAlias
AddAliasString
CheckNotPartialType
AddTypeToNamespace
MakeNumberType
IsTypeOfKind
IsArray
IsPtr
IsSubroutine
IsNum
IsSNum
IsScalar
IsRecord
MakeLValue
UndoLValue
IsLValue
MaybeUndoLValue
AllocLabel
AllocSubrId
MidWriter
ArchAlignUp
ArchInitTypes
ArchGuessIntType
ArchInitVariable
ArchInitMember
WriteMid1
WriteMid2
WriteMid3
WriteMid4
WriteMid5
WriteMid6
WriteMid7
WriteMid8
WriteMid9
WriteMid10
WriteMid11
PrintNodes
ReallyGenerate
Generate
GenerateConditional
push_and_free
InitVariable
MakePointerType
MakeArrayType
DestructSubroutineContents
QueueNamespace
CopyParameterList
CreateMainSubroutine
ReportWorkspaces
expr_i_cant_do_that
CheckExpressionType
ResolveUntypedConstantsForAddOrSub
ResolveUntypedConstantsSimply
CheckNumber
ResolveUntypedConstantsNeedingNumbers
CondSimple
Expr1Simple
ExprAdd
cant_add_that
ExprSub
cant_sub_that
Expr2Simple
expr_i_checkrhsconst
expr_i_checkshift
ExprShift
PushNode
PopNode
NextNode
Discard
BeginNormalLoop
TerminateNormalLoop
Negate
ConditionalEq
ConditionalLt
parser_i_bad_next_prev
parser_i_constant_error
i_check_sub_call_args
i_end_call
SymbolRedeclarationError
WrongNumberOfElementsError
CheckEndOfInitialiser
GetInitedMember
AlignTo
CheckForOverlaps
GetInitedMemberChecked
yy_destructor
token_destructor
yy_pop_parser_stack
yy_pop_all_parser_stack
yy_stack_overflow
yy_trace_shift
CopyMinor
yy_reduce
Reducer
reduce_0
reduce_1
reduce_2
reduce_3
reduce_4
reduce_5
reduce_6
reduce_7
reduce_8
reduce_9
reduce_10
reduce_11
reduce_12
reduce_13
reduce_14
reduce_15
reduce_16
reduce_17
reduce_18
reduce_19
reduce_20
reduce_21
reduce_22
reduce_23
reduce_24
reduce_25
reduce_26
reduce_27
reduce_28
reduce_29
reduce_30
reduce_31
reduce_32
reduce_33
reduce_34
reduce_35
reduce_36
reduce_37
reduce_38
reduce_39
reduce_40
reduce_41
reduce_42
reduce_43
reduce_44
reduce_45
reduce_46
reduce_47
reduce_48
reduce_49
reduce_50
reduce_51
reduce_52
reduce_53
reduce_54
not_a_value
reduce_55
reduce_56
reduce_57
BadType
reduce_58
reduce_59
reduce_60
reduce_61
reduce_62
reduce_63
reduce_64
reduce_65
reduce_66
reduce_67
reduce_68
reduce_69
reduce_70
reduce_71
reduce_72
reduce_73
reduce_74
reduce_75
reduce_76
reduce_77
reduce_78
reduce_79
reduce_80
reduce_81
reduce_82
reduce_83
reduce_84
reduce_85
reduce_86
reduce_87
not_an_interface
reduce_88
reduce_89
reduce_90
reduce_91
reduce_92
reduce_93
reduce_94
reduce_95
reduce_96
reduce_97
reduce_98
reduce_99
reduce_100
reduce_101
reduce_102
reduce_103
reduce_104
reduce_105
reduce_106
reduce_107
reduce_108
reduce_109
reduce_110
reduce_111
reduce_112
reduce_113
reduce_114
reduce_115
reduce_116
reduce_117
bad_reference
reduce_123
reduce_127
reduce_128
reduce_129
reduce_130
reduce_136
reduce_139
reduce_default
yy_parse_failed
yy_syntax_error
yy_accept
ParserInit
ParserDeinit
ParserFeedToken
PrintFreeMemory
SyntaxError
ParseArguments
done: 1kB free main memory
432kB free extended memory

D>cowlink cowgol.coo cowfe.coo -o tmp.as
COWLINK: 48kB free
Adding input file: COWGOL.COO
Adding input file: COWFE.COO
Analysing...
Workspace sizes:
  #0: 1476 bytes
Creating output file: TMP.AS
Copying from input file: COWGOL.COO
Copying from input file: COWFE.COO
done: 17kB free

D>